
> frontdoorfix@0.1.0 dev
> next dev

   ▲ Next.js 15.5.4
   - Local:        http://localhost:3000
   - Network:      http://192.168.8.176:3000

 ✓ Starting...
 ✓ Ready in 1732ms
 ○ Compiling / ...
 ✓ Compiled / in 680ms (551 modules)
 GET / 200 in 1050ms
 GET / 200 in 140ms
 ✓ Compiled /favicon.ico in 179ms (350 modules)
 GET /favicon.ico 200 in 272ms
 GET / 200 in 158ms
 GET /favicon.ico 200 in 12ms
 ○ Compiling /reparationer/[brand] ...
 ✓ Compiled /reparationer/[brand] in 848ms (645 modules)
 GET / 200 in 132ms
 GET /reparationer/apple 200 in 1633ms
 GET /favicon.ico 200 in 18ms
 GET / 200 in 79ms
 GET /reparationer/apple 200 in 120ms
 ✓ Compiled /reparationer/[brand]/[model] in 305ms (633 modules)
 GET /reparationer/apple/iPhone%2011 200 in 789ms
 GET /favicon.ico 200 in 15ms
 GET / 200 in 97ms
 ✓ Compiled in 378ms (628 modules)
 GET / 200 in 147ms
 ✓ Compiled /reparationer in 356ms (616 modules)
 GET /reparationer 200 in 584ms
 ✓ Compiled /favicon.ico in 81ms (407 modules)
 GET /favicon.ico 200 in 168ms
 GET / 200 in 144ms
 ✓ Compiled in 180ms (647 modules)
 GET / 200 in 97ms
 ✓ Compiled in 176ms (645 modules)
 GET / 200 in 47ms
 ✓ Compiled in 316ms (628 modules)
 ✓ Compiled in 173ms (628 modules)
 GET / 200 in 261ms
 ✓ Compiled /favicon.ico in 68ms (405 modules)
 GET /favicon.ico 200 in 154ms
 ✓ Compiled in 336ms (628 modules)
 GET / 200 in 149ms
 ✓ Compiled /reparationer in 235ms (390 modules)
 GET /reparationer 200 in 398ms
 GET / 200 in 103ms
 ✓ Compiled in 212ms (630 modules)
 GET / 200 in 51ms
 ✓ Compiled in 210ms (630 modules)
 GET / 200 in 47ms
 GET / 200 in 97ms
 ✓ Compiled /favicon.ico in 123ms (407 modules)
 GET /favicon.ico 200 in 210ms
 GET /reparationer 200 in 175ms
 GET / 200 in 73ms
 ✓ Compiled in 309ms (630 modules)
 GET / 200 in 151ms
 GET /reparationer/apple 200 in 184ms
 GET / 200 in 103ms
 ✓ Compiled in 188ms (628 modules)
 GET / 200 in 90ms
 ✓ Compiled in 218ms (628 modules)
 GET / 200 in 61ms
 GET / 200 in 194ms
 ✓ Compiled /favicon.ico in 73ms (405 modules)
 GET /favicon.ico 200 in 151ms
 GET /reparationer/apple 200 in 137ms
 ✓ Compiled /reparationer/[brand]/[model] in 124ms (407 modules)
 GET /reparationer/apple/iPhone%2016%20Pro%20Max 200 in 198ms
 GET /reparationer/apple/iPhone%2016%20Pro%20Max 200 in 20ms
 GET / 200 in 126ms
 GET / 200 in 239ms
 GET /favicon.ico 200 in 20ms
 GET / 200 in 116ms
 GET /favicon.ico 200 in 10ms
 GET / 200 in 75ms
 GET /favicon.ico 200 in 6ms
 GET / 200 in 73ms
 GET /favicon.ico 200 in 5ms
 GET / 200 in 109ms
 GET /favicon.ico 200 in 11ms
 ✓ Compiled in 407ms (647 modules)
 GET / 200 in 118ms
 ✓ Compiled in 611ms (647 modules)
 GET / 200 in 99ms
 ✓ Compiled in 228ms (630 modules)
 GET / 200 in 166ms
 ✓ Compiled in 168ms (630 modules)
 GET / 200 in 77ms
 GET / 200 in 185ms
 ✓ Compiled /favicon.ico in 61ms (407 modules)
 GET /favicon.ico 200 in 192ms
 ✓ Compiled in 331ms (630 modules)
 GET / 200 in 164ms
 GET / 200 in 159ms
 ✓ Compiled /favicon.ico in 148ms (407 modules)
 GET /favicon.ico 200 in 265ms
 ✓ Compiled in 188ms (647 modules)
 GET / 200 in 126ms
 ✓ Compiled /_not-found in 438ms (621 modules)
 GET /erhverv 404 in 660ms
 GET /reparationer/apple 200 in 86ms
 ✓ Compiled in 257ms (635 modules)
 GET /reparationer/apple 200 in 49ms
 ✓ Compiled in 132ms (630 modules)
 ⨯ ReferenceError: Link is not defined
    at RootLayout (src/app/layout.tsx:66:14)
  64 |         <header className="bg-gradient-to-r from-pink-50 via-yellow-50 to-white border-b border-gray-200">
  65 |           <div className="mx-auto max-w-6xl p-6 flex items-center justify-between">
> 66 |             <Link href="/" className="flex items-center gap-3 hover:opacity-80 transition-opacity">
     |              ^
  67 |               <div className="w-10 h-10 bg-gradient-to-br from-pink-500 to-yellow-500 rounded-full flex items-center justify-center">
  68 |                 <svg width="24" height="24" viewBox="0 0 64 64" xmlns="http://www.w3.org/2000/svg">
  69 |                   <rect x="8" y="4" width="32" height="56" rx="6" fill="white"/> {
  digest: '351760112'
}
 GET /reparationer/apple 200 in 124ms
 ✓ Compiled in 195ms (630 modules)
 ⚠ Fast Refresh had to perform a full reload due to a runtime error.
 ⨯ ReferenceError: Link is not defined
    at RootLayout (src/app/layout.tsx:66:14)
  64 |         <header className="bg-gradient-to-r from-pink-50 via-yellow-50 to-white border-b border-gray-200">
  65 |           <div className="mx-auto max-w-6xl p-6 flex items-center justify-between">
> 66 |             <Link href="/" className="flex items-center gap-3 hover:opacity-80 transition-opacity">
     |              ^
  67 |               <div className="w-10 h-10 bg-gradient-to-br from-pink-500 to-yellow-500 rounded-full flex items-center justify-center">
  68 |                 <svg width="24" height="24" viewBox="0 0 64 64" xmlns="http://www.w3.org/2000/svg">
  69 |                   <rect x="8" y="4" width="32" height="56" rx="6" fill="white"/> {
  digest: '351760112'
}
 GET /reparationer/apple 500 in 119ms
 ✓ Compiled /favicon.ico in 250ms (407 modules)
 GET /favicon.ico 200 in 366ms
 ⨯ ReferenceError: Link is not defined
    at RootLayout (src/app/layout.tsx:66:14)
  64 |         <header className="bg-gradient-to-r from-pink-50 via-yellow-50 to-white border-b border-gray-200">
  65 |           <div className="mx-auto max-w-6xl p-6 flex items-center justify-between">
> 66 |             <Link href="/" className="flex items-center gap-3 hover:opacity-80 transition-opacity">
     |              ^
  67 |               <div className="w-10 h-10 bg-gradient-to-br from-pink-500 to-yellow-500 rounded-full flex items-center justify-center">
  68 |                 <svg width="24" height="24" viewBox="0 0 64 64" xmlns="http://www.w3.org/2000/svg">
  69 |                   <rect x="8" y="4" width="32" height="56" rx="6" fill="white"/> {
  digest: '351760112'
}
 GET /reparationer/apple 500 in 141ms
 GET /favicon.ico 200 in 6ms
 ✓ Compiled in 414ms (647 modules)
 ⚠ Fast Refresh had to perform a full reload due to a runtime error.
 GET /reparationer/apple 200 in 219ms
 GET /favicon.ico 200 in 10ms
 ✓ Compiled in 169ms (647 modules)
 GET /reparationer/apple 200 in 52ms
 GET / 200 in 28ms
 GET /reparationer/apple 200 in 96ms
 GET / 200 in 42ms
 GET / 200 in 47ms
 GET / 200 in 42ms
 GET / 200 in 172ms
 GET /favicon.ico 200 in 20ms
 GET / 200 in 41ms
 GET /reparationer/apple 200 in 101ms
 GET / 200 in 39ms
 ✓ Compiled in 423ms (630 modules)
 GET / 200 in 248ms
 ✓ Compiled in 184ms (630 modules)
 GET / 200 in 71ms
 ✓ Compiled in 141ms (630 modules)
 GET / 200 in 53ms
 ✓ Compiled in 124ms (630 modules)
 GET / 200 in 49ms
 ✓ Compiled in 309ms (630 modules)
 GET / 200 in 131ms
 ✓ Compiled in 170ms (630 modules)
 GET / 200 in 77ms
 ✓ Compiled in 111ms (630 modules)
 GET / 200 in 53ms
 ✓ Compiled in 122ms (630 modules)
 GET / 200 in 47ms
 ✓ Compiled in 132ms (630 modules)
 GET / 200 in 89ms
 ✓ Compiled in 147ms (630 modules)
 GET / 200 in 54ms
 ✓ Compiled in 265ms (630 modules)
 GET / 200 in 75ms
 ✓ Compiled in 141ms (630 modules)
 GET / 200 in 53ms
 ✓ Compiled in 169ms (630 modules)
 GET / 200 in 64ms
 ✓ Compiled in 123ms (630 modules)
 GET / 200 in 51ms
 ✓ Compiled in 795ms (630 modules)
 GET / 200 in 66ms
 ✓ Compiled in 73ms (240 modules)
 GET / 200 in 29ms
 ✓ Compiled in 466ms (630 modules)
 GET / 200 in 136ms
 ✓ Compiled in 179ms (630 modules)
 GET / 200 in 53ms
 ✓ Compiled in 124ms (630 modules)
 GET / 200 in 102ms
 ✓ Compiled in 163ms (630 modules)
 GET / 200 in 48ms
 ✓ Compiled in 355ms (630 modules)
 GET / 200 in 124ms
 ✓ Compiled in 232ms (630 modules)
 GET / 200 in 51ms
 ✓ Compiled in 338ms (630 modules)
 GET / 200 in 136ms
 ✓ Compiled in 198ms (630 modules)
 GET / 200 in 49ms
 ✓ Compiled in 272ms (630 modules)
 GET / 200 in 106ms
 ✓ Compiled in 161ms (630 modules)
 GET / 200 in 51ms
 ✓ Compiled in 183ms (630 modules)
 GET / 200 in 41ms
 ✓ Compiled in 127ms (630 modules)
 GET / 200 in 58ms
 ✓ Compiled in 158ms (630 modules)
 GET / 200 in 63ms
 ✓ Compiled in 400ms (630 modules)
 GET / 200 in 118ms
 ✓ Compiled in 162ms (630 modules)
 GET / 200 in 53ms
 ✓ Compiled in 438ms (630 modules)
 ✓ Compiled in 171ms (630 modules)
 GET / 200 in 212ms
 ✓ Compiled /favicon.ico in 164ms (407 modules)
 GET /favicon.ico 200 in 279ms
 GET / 200 in 164ms
 GET /favicon.ico 200 in 6ms
 ✓ Compiled in 280ms (630 modules)
 GET / 200 in 194ms
 ✓ Compiled in 216ms (630 modules)
 GET / 200 in 68ms
 ✓ Compiled in 295ms (630 modules)
 GET / 200 in 109ms
 ✓ Compiled in 361ms (630 modules)
 GET / 200 in 143ms
 GET /reparationer/apple 200 in 46ms
 ✓ Compiled in 162ms (630 modules)
 GET / 200 in 56ms
 ✓ Compiled in 404ms (630 modules)
 GET / 200 in 142ms
 ✓ Compiled in 163ms (630 modules)
 GET / 200 in 54ms
 GET / 200 in 233ms
 ✓ Compiled /favicon.ico in 140ms (407 modules)
 GET /favicon.ico 200 in 268ms
 ✓ Compiled in 555ms (630 modules)
 GET / 200 in 264ms
 ✓ Compiled in 163ms (630 modules)
 GET / 200 in 52ms
 ✓ Compiled in 260ms (630 modules)
 GET / 200 in 224ms
 ✓ Compiled in 236ms (630 modules)
 GET / 200 in 100ms
 ✓ Compiled in 178ms (630 modules)
 GET / 200 in 77ms
 ✓ Compiled in 248ms (630 modules)
 GET / 200 in 60ms
 ✓ Compiled in 296ms (630 modules)
 GET / 200 in 123ms
 ✓ Compiled in 154ms (630 modules)
 GET / 200 in 54ms
 GET / 200 in 243ms
 ✓ Compiled /favicon.ico in 115ms (407 modules)
 GET /favicon.ico 200 in 266ms
 ✓ Compiled in 222ms (647 modules)
 GET / 200 in 99ms
 ✓ Compiled in 246ms (647 modules)
 GET / 200 in 110ms
 GET / 200 in 372ms
 GET /favicon.ico 200 in 22ms
 GET / 200 in 41ms
 GET /reparationer/apple 200 in 82ms
 GET / 200 in 38ms
 ✓ Compiled in 427ms (630 modules)
 GET / 200 in 257ms
 ✓ Compiled in 158ms (630 modules)
 GET / 200 in 74ms
 ✓ Compiled in 119ms (630 modules)
 GET / 200 in 48ms
 ✓ Compiled in 176ms (630 modules)
 GET / 200 in 119ms
 ✓ Compiled in 214ms (630 modules)
 GET / 200 in 165ms
 ✓ Compiled in 125ms (630 modules)
 GET / 200 in 50ms
 ✓ Compiled in 235ms (630 modules)
 GET / 200 in 69ms
 ✓ Compiled in 230ms (630 modules)
 GET / 200 in 110ms
 ✓ Compiled in 191ms (630 modules)
 GET / 200 in 63ms
 ✓ Compiled in 136ms (630 modules)
 GET / 200 in 54ms
 GET / 200 in 173ms
 ✓ Compiled /favicon.ico in 116ms (407 modules)
 GET /favicon.ico 200 in 257ms
 ✓ Compiled in 153ms (647 modules)
 GET / 200 in 82ms
 ✓ Compiled in 191ms (647 modules)
 GET / 200 in 124ms
 ✓ Compiled in 199ms (630 modules)
 GET / 200 in 163ms
 ✓ Compiled in 132ms (630 modules)
 GET / 200 in 65ms
 ✓ Compiled in 180ms (630 modules)
 GET / 200 in 116ms
 GET / 200 in 199ms
 ✓ Compiled /favicon.ico in 127ms (407 modules)
 GET /favicon.ico 200 in 219ms
 ✓ Compiled in 217ms (647 modules)
 GET / 200 in 109ms
 ✓ Compiled in 541ms (630 modules)
 ✓ Compiled in 224ms (630 modules)
 GET / 200 in 376ms
 ✓ Compiled /favicon.ico in 82ms (407 modules)
 GET /favicon.ico 200 in 196ms
 GET / 200 in 215ms
 GET /favicon.ico 200 in 13ms
 ✓ Compiled in 303ms (647 modules)
 GET / 200 in 153ms
 ✓ Compiled in 182ms (647 modules)
 GET / 200 in 70ms
 ✓ Compiled in 220ms (630 modules)
 GET / 200 in 222ms
 GET / 200 in 215ms
 ✓ Compiled /favicon.ico in 100ms (407 modules)
 GET /favicon.ico 200 in 232ms
 ✓ Compiled in 215ms (647 modules)
 GET / 200 in 159ms
 ✓ Compiled in 194ms (647 modules)
 GET / 200 in 65ms
 GET / 200 in 390ms
 ✓ Compiled in 199ms (647 modules)
 GET /favicon.ico 200 in 19ms
 ✓ Compiled in 340ms (647 modules)
 GET / 200 in 179ms
 ✓ Compiled in 190ms (647 modules)
 GET / 200 in 59ms
 ✓ Compiled in 121ms (647 modules)
 GET / 200 in 55ms
 ✓ Compiled in 253ms (630 modules)
 GET / 200 in 229ms
 ✓ Compiled in 260ms (630 modules)
 GET / 200 in 91ms
 ✓ Compiled in 194ms (630 modules)
 GET / 200 in 56ms
 ✓ Compiled in 261ms (630 modules)
 GET / 200 in 173ms
 ✓ Compiled in 229ms (630 modules)
 GET / 200 in 63ms
 GET / 200 in 194ms
 ✓ Compiled /favicon.ico in 296ms (407 modules)
 GET /favicon.ico 200 in 449ms
 ✓ Compiled in 376ms (630 modules)
 GET / 200 in 309ms
 ✓ Compiled in 188ms (630 modules)
 GET / 200 in 78ms
 ✓ Compiled in 220ms (630 modules)
 GET / 200 in 144ms
 ✓ Compiled in 193ms (630 modules)
 GET / 200 in 64ms
 ✓ Compiled in 212ms (630 modules)
 GET / 200 in 135ms
 GET / 200 in 232ms
 ✓ Compiled /favicon.ico in 194ms (407 modules)
 GET /favicon.ico 200 in 378ms
 ✓ Compiled in 221ms (647 modules)
 GET / 200 in 457ms
 GET / 200 in 158ms
 GET /favicon.ico 200 in 14ms
 ✓ Compiled in 125ms (647 modules)
 GET / 200 in 54ms
 ✓ Compiled in 131ms (647 modules)
 GET / 200 in 61ms
 GET / 200 in 178ms
 GET /favicon.ico 200 in 8ms
 GET / 200 in 89ms
 GET /favicon.ico 200 in 7ms
 ✓ Compiled in 249ms (647 modules)
 GET / 200 in 161ms
 ✓ Compiled in 181ms (647 modules)
 GET / 200 in 67ms
 ✓ Compiled in 144ms (630 modules)
 GET / 200 in 191ms
 ✓ Compiled in 313ms (630 modules)
 GET / 200 in 73ms
 ✓ Compiled in 197ms (630 modules)
 GET / 200 in 80ms
 ✓ Compiled in 200ms (630 modules)
 GET / 200 in 244ms
 GET / 200 in 505ms
 ✓ Compiled in 248ms (630 modules)
 GET / 200 in 196ms
 ✓ Compiled in 166ms (630 modules)
 GET / 200 in 58ms
 ✓ Compiled in 162ms (630 modules)
 GET / 200 in 60ms
 ✓ Compiled in 174ms (630 modules)
 GET / 200 in 63ms
 ✓ Compiled in 196ms (630 modules)
 GET / 200 in 137ms
 ✓ Compiled in 194ms (630 modules)
 GET / 200 in 61ms
 ✓ Compiled in 141ms (630 modules)
 GET / 200 in 67ms
 ✓ Compiled in 118ms (630 modules)
 GET / 200 in 49ms
 ✓ Compiled in 209ms (630 modules)
 GET / 200 in 79ms
 ✓ Compiled in 155ms (630 modules)
 GET / 200 in 75ms
 GET / 200 in 290ms
 ✓ Compiled /favicon.ico in 290ms (407 modules)
 GET /favicon.ico 200 in 496ms
 ✓ Compiled in 251ms (647 modules)
 GET / 200 in 181ms
 ✓ Compiled in 252ms (647 modules)
 GET / 200 in 109ms
 ✓ Compiled in 214ms (647 modules)
 GET / 200 in 65ms
 ✓ Compiled in 167ms (647 modules)
 GET / 200 in 57ms
 ✓ Compiled in 365ms (630 modules)
 GET / 200 in 306ms
 ✓ Compiled in 200ms (630 modules)
 GET / 200 in 73ms
 ✓ Compiled in 127ms (630 modules)
 GET / 200 in 57ms
 GET / 200 in 365ms
 ✓ Compiled /favicon.ico in 190ms (407 modules)
 GET /favicon.ico 200 in 472ms
